#! 
:ivl_version "13.0 (devel)" "(s20221226-513-gef7f0a8f3-dirty)";
:ivl_delay_selection "TYPICAL";
:vpi_time_precision - 9;
:vpi_module "C:\Users\Owner\DOCUME~1\OSS-CA~1\lib\ivl\system.vpi";
:vpi_module "C:\Users\Owner\DOCUME~1\OSS-CA~1\lib\ivl\vhdl_sys.vpi";
:vpi_module "C:\Users\Owner\DOCUME~1\OSS-CA~1\lib\ivl\vhdl_textio.vpi";
:vpi_module "C:\Users\Owner\DOCUME~1\OSS-CA~1\lib\ivl\v2005_math.vpi";
:vpi_module "C:\Users\Owner\DOCUME~1\OSS-CA~1\lib\ivl\va_math.vpi";
:vpi_module "C:\Users\Owner\DOCUME~1\OSS-CA~1\lib\ivl\v2009.vpi";
S_0000024fc8a39010 .scope package, "$unit" "$unit" 2 1;
 .timescale 0 0;
S_0000024fc8b6ad10 .scope module, "immextend_enable_test" "immextend_enable_test" 3 3;
 .timescale -9 -9;
v0000024fc8a47bc0_0 .var "fill", 26 0;
v0000024fc8a487a0_0 .net "imm32", 31 0, v0000024fc8a48520_0;  1 drivers
v0000024fc8a47c60_0 .var "instr", 31 0;
S_0000024fc8b6e130 .scope module, "dut" "immextend" 3 11, 4 1 0, S_0000024fc8b6ad10;
 .timescale 0 0;
    .port_info 0 /INPUT 32 "instr";
    .port_info 1 /OUTPUT 32 "imm32";
v0000024fc8a16fa0_0 .var "extend", 19 0;
v0000024fc8a48520_0 .var "imm32", 31 0;
v0000024fc8a48700_0 .net "instr", 31 0, v0000024fc8a47c60_0;  1 drivers
v0000024fc8a48660_0 .net "sign_bit", 0 0, L_0000024fc8a480c0;  1 drivers
E_0000024fc8a40e50/0 .event anyedge, v0000024fc8a48660_0, v0000024fc8a48700_0, v0000024fc8a48700_0, v0000024fc8a48700_0;
E_0000024fc8a40e50/1 .event anyedge, v0000024fc8a48700_0;
E_0000024fc8a40e50 .event/or E_0000024fc8a40e50/0, E_0000024fc8a40e50/1;
L_0000024fc8a480c0 .part v0000024fc8a47c60_0, 31, 1;
    .scope S_0000024fc8b6e130;
T_0 ;
Ewait_0 .event/or E_0000024fc8a40e50, E_0x0;
    %wait Ewait_0;
    %load/vec4 v0000024fc8a48660_0;
    %pad/u 32;
    %cmpi/e 1, 0, 32;
    %jmp/0xz  T_0.0, 4;
    %pushi/vec4 1048575, 0, 20;
    %store/vec4 v0000024fc8a16fa0_0, 0, 20;
    %jmp T_0.1;
T_0.0 ;
    %pushi/vec4 0, 0, 20;
    %store/vec4 v0000024fc8a16fa0_0, 0, 20;
T_0.1 ;
    %load/vec4 v0000024fc8a48700_0;
    %parti/s 7, 0, 2;
    %cmpi/e 35, 0, 7;
    %jmp/0xz  T_0.2, 4;
    %load/vec4 v0000024fc8a16fa0_0;
    %load/vec4 v0000024fc8a48700_0;
    %parti/s 7, 25, 6;
    %concat/vec4; draw_concat_vec4
    %load/vec4 v0000024fc8a48700_0;
    %parti/s 5, 7, 4;
    %concat/vec4; draw_concat_vec4
    %store/vec4 v0000024fc8a48520_0, 0, 32;
    %jmp T_0.3;
T_0.2 ;
    %load/vec4 v0000024fc8a16fa0_0;
    %load/vec4 v0000024fc8a48700_0;
    %parti/s 12, 20, 6;
    %concat/vec4; draw_concat_vec4
    %store/vec4 v0000024fc8a48520_0, 0, 32;
T_0.3 ;
    %jmp T_0;
    .thread T_0, $push;
    .scope S_0000024fc8b6ad10;
T_1 ;
    %pushi/vec4 4273995776, 0, 32;
    %store/vec4 v0000024fc8a47c60_0, 0, 32;
    %pushi/vec4 134217727, 0, 27;
    %store/vec4 v0000024fc8a47bc0_0, 0, 27;
    %end;
    .thread T_1, $init;
    .scope S_0000024fc8b6ad10;
T_2 ;
    %vpi_call/w 3 17 "$dumpfile", "immextend.vcd" {0 0 0};
    %vpi_call/w 3 18 "$dumpvars", 32'sb00000000000000000000000000000000, S_0000024fc8b6ad10 {0 0 0};
    %vpi_call/w 3 20 "$display", "Beginning of immextend test..." {0 0 0};
    %delay 5, 0;
    %load/vec4 v0000024fc8a487a0_0;
    %load/vec4 v0000024fc8a47bc0_0;
    %concati/vec4 12, 0, 5;
    %cmp/e;
    %jmp/0xz  T_2.0, 4;
    %jmp T_2.1;
T_2.0 ;
    %vpi_call/w 3 24 "$error", "Immediate extension did not work: Expected -20 but got %b !", v0000024fc8a487a0_0 {0 0 0};
T_2.1 ;
    %delay 100, 0;
    %pushi/vec4 2097139, 1048560, 32;
    %store/vec4 v0000024fc8a47c60_0, 0, 32;
    %delay 5, 0;
    %load/vec4 v0000024fc8a487a0_0;
    %cmpi/e 1, 0, 32;
    %jmp/0xz  T_2.2, 4;
    %jmp T_2.3;
T_2.2 ;
    %vpi_call/w 3 29 "$error", "Immediate extension did not work: Expected 1 but got %h !", v0000024fc8a487a0_0 {0 0 0};
T_2.3 ;
    %pushi/vec4 2148532211, 1048560, 32;
    %store/vec4 v0000024fc8a47c60_0, 0, 32;
    %delay 5, 0;
    %load/vec4 v0000024fc8a487a0_0;
    %cmpi/e 4294965248, 0, 32;
    %jmp/0xz  T_2.4, 4;
    %jmp T_2.5;
T_2.4 ;
    %vpi_call/w 3 34 "$error", "Immediate extension did not work: Expected fffff800 but got %h !", v0000024fc8a487a0_0 {0 0 0};
T_2.5 ;
    %pushi/vec4 204612643, 0, 32;
    %store/vec4 v0000024fc8a47c60_0, 0, 32;
    %delay 5, 0;
    %load/vec4 v0000024fc8a487a0_0;
    %cmpi/e 200, 0, 32;
    %jmp/0xz  T_2.6, 4;
    %jmp T_2.7;
T_2.6 ;
    %vpi_call/w 3 39 "$error", "Immediate extension did not work: Expected c8 but got %h !", v0000024fc8a487a0_0 {0 0 0};
T_2.7 ;
    %pushi/vec4 455223843, 0, 32;
    %store/vec4 v0000024fc8a47c60_0, 0, 32;
    %delay 5, 0;
    %load/vec4 v0000024fc8a487a0_0;
    %cmpi/e 436, 0, 32;
    %jmp/0xz  T_2.8, 4;
    %jmp T_2.9;
T_2.8 ;
    %vpi_call/w 3 43 "$error", "Immediate extension did not work: Expected 1b4 but got %h !", v0000024fc8a487a0_0 {0 0 0};
T_2.9 ;
    %pushi/vec4 4264837155, 0, 32;
    %store/vec4 v0000024fc8a47c60_0, 0, 32;
    %delay 5, 0;
    %load/vec4 v0000024fc8a487a0_0;
    %cmpi/e 4294967264, 0, 32;
    %jmp/0xz  T_2.10, 4;
    %jmp T_2.11;
T_2.10 ;
    %vpi_call/w 3 47 "$error", "Immediate extension did not work: Expected fe0 but got %h !", v0000024fc8a487a0_0 {0 0 0};
T_2.11 ;
    %pushi/vec4 2102540835, 0, 32;
    %store/vec4 v0000024fc8a47c60_0, 0, 32;
    %delay 5, 0;
    %load/vec4 v0000024fc8a487a0_0;
    %cmpi/e 2004, 0, 32;
    %jmp/0xz  T_2.12, 4;
    %jmp T_2.13;
T_2.12 ;
    %vpi_call/w 3 51 "$error", "Immediate extension did not work: Expected 7d4 but got %h !", v0000024fc8a487a0_0 {0 0 0};
T_2.13 ;
    %pushi/vec4 73763, 0, 32;
    %store/vec4 v0000024fc8a47c60_0, 0, 32;
    %delay 5, 0;
    %load/vec4 v0000024fc8a487a0_0;
    %cmpi/e 0, 0, 32;
    %jmp/0xz  T_2.14, 4;
    %jmp T_2.15;
T_2.14 ;
    %vpi_call/w 3 55 "$error", "Immediate extension did not work: Expected 0 but got %h !", v0000024fc8a487a0_0 {0 0 0};
T_2.15 ;
    %vpi_call/w 3 58 "$display", "Test complete!" {0 0 0};
    %vpi_call/w 3 59 "$finish" {0 0 0};
    %end;
    .thread T_2;
# The file index is used to find the file name in the following table.
:file_names 5;
    "N/A";
    "<interactive>";
    "-";
    "immextend_test.sv";
    "immextend.sv";
